130.580067 445.879634 148.555112 422.494783 4.652014 0.125000 43.227512 
476.688907 28.475106 463.834207 21.642424 3.003040 0.125000 2.596895 
209.156517 429.377116 167.372427 478.547702 5.616959 0.125000 78.790795 
118.716271 460.204453 128.053317 445.579236 4.684611 0.125000 6.864927 
285.549309 249.323554 301.330916 226.104805 4.716699 0.125000 41.527815 
207.239873 348.404808 258.672418 281.336214 5.525384 0.125000 110.928167 
381.935143 122.308525 429.981006 52.290839 5.515712 0.125000 124.692419 
348.045466 169.320990 380.959664 120.852264 4.429748 0.125000 92.381101 
327.705439 196.595403 345.777475 169.476610 4.162406 0.125000 57.613779 
302.745161 226.582265 326.238831 196.098070 5.549636 0.125000 39.129979 
260.599775 359.355690 209.224975 426.467048 5.380339 0.125000 113.739887 
262.098354 262.235292 283.949753 248.689036 3.888981 0.125000 40.300073 
429.346506 51.372160 445.239526 25.389217 4.565732 0.125000 32.385977 
349.535437 248.170239 330.942629 268.416687 3.851438 0.125000 43.554593 
101.886933 479.300147 113.345990 466.994827 4.133517 0.125000 4.968360 
291.734791 321.954184 276.369214 340.199033 3.875192 0.125000 38.176708 
147.884558 422.334893 153.202736 410.660412 5.384204 0.125000 0.281266 
252.783908 273.981792 262.480302 263.695594 3.742613 0.125000 13.737834 
276.533801 341.341941 263.708595 357.599282 4.285369 0.125000 25.414135 
410.027926 163.938488 349.227415 247.103247 5.019690 0.125000 125.249410 
320.935481 281.750640 298.835720 312.387672 4.271444 0.125000 50.899755 
504.864328 43.360959 496.264922 49.811714 4.500536 0.125000 3.577160 
442.954753 115.523589 419.919942 154.194188 5.164091 0.125000 57.884425 
482.000064 56.181444 458.362388 94.521357 4.431991 0.125000 55.238214 
173.865281 375.373178 179.810168 363.339991 3.955816 0.125000 17.327812 
331.387583 269.030901 322.345233 281.839422 4.445843 0.125000 11.945222 
508.646182 0.236589 503.113212 10.618718 3.454688 0.125000 1.634310 
190.300271 370.393900 205.972422 348.372250 4.935982 0.125000 34.358055 
445.232644 24.671886 434.520446 10.514944 6.007397 0.125000 10.486027 
453.336664 104.581498 443.308802 114.559716 4.412824 0.125000 14.353996 
495.946998 49.981163 484.186842 47.981651 5.348306 0.125000 10.290841 
515.634230 55.873535 511.878690 37.124645 5.150004 0.125000 15.047074 
519.317804 25.468000 533.868887 20.166915 5.763300 0.125000 13.242460 
550.677164 34.306965 549.749121 50.646249 5.204605 0.125000 19.624589 
457.413924 94.553359 453.934837 105.065632 5.148004 0.125000 10.926521 
536.145376 20.132067 550.768993 34.225591 5.465527 0.125000 23.790619 
535.927694 59.289314 517.285284 55.064558 6.209444 0.125000 33.914570 
549.040256 50.210742 541.787419 58.153622 5.378034 0.125000 14.438977 
150.289339 395.474695 159.130596 393.355399 7.584770 0.125000 5.737383 
485.720547 15.696976 497.454777 0.120113 4.772207 0.125000 21.286090 
165.337537 462.919379 174.214009 450.509844 4.793953 0.125000 16.899923 
412.027652 136.568145 414.802491 126.644999 6.692354 0.125000 4.485299 
506.241056 11.088288 514.698876 17.711406 6.462131 0.125000 11.251504 
249.553298 326.542817 259.921049 332.107667 2.202753 0.125000 1.072192 
158.592386 393.329572 171.699658 388.860717 5.915624 0.125000 5.259135 
461.686724 23.043057 456.316480 35.381915 4.584600 0.125000 0.337978 
226.562526 382.390104 231.704512 373.031329 3.348741 0.125000 0.698445 
